2024-08-20T21:56:19.142+09:00  INFO 15637 --- [hackathon_template_jwt] [main] com.example.Novus.NovusApplication       : Starting NovusApplication using Java 17.0.12 with PID 15637 (/Users/gwon-yonghyeon/Desktop/Novus/Novus_backend/build/classes/java/main started by gwon-yonghyeon in /Users/gwon-yonghyeon/Desktop/Novus/Novus_backend)
2024-08-20T21:56:19.144+09:00  INFO 15637 --- [hackathon_template_jwt] [main] com.example.Novus.NovusApplication       : The following 1 profile is active: "local"
2024-08-20T21:56:19.587+09:00  INFO 15637 --- [hackathon_template_jwt] [main] .s.d.r.c.RepositoryConfigurationDelegate : Bootstrapping Spring Data JPA repositories in DEFAULT mode.
2024-08-20T21:56:19.641+09:00  INFO 15637 --- [hackathon_template_jwt] [main] .s.d.r.c.RepositoryConfigurationDelegate : Finished Spring Data repository scanning in 48 ms. Found 6 JPA repository interfaces.
2024-08-20T21:56:20.115+09:00  INFO 15637 --- [hackathon_template_jwt] [main] o.s.b.w.embedded.tomcat.TomcatWebServer  : Tomcat initialized with port 8080 (http)
2024-08-20T21:56:20.129+09:00  INFO 15637 --- [hackathon_template_jwt] [main] o.apache.catalina.core.StandardService   : Starting service [Tomcat]
2024-08-20T21:56:20.129+09:00  INFO 15637 --- [hackathon_template_jwt] [main] o.apache.catalina.core.StandardEngine    : Starting Servlet engine: [Apache Tomcat/10.1.26]
2024-08-20T21:56:20.175+09:00  INFO 15637 --- [hackathon_template_jwt] [main] o.a.c.c.C.[Tomcat].[localhost].[/]       : Initializing Spring embedded WebApplicationContext
2024-08-20T21:56:20.175+09:00  INFO 15637 --- [hackathon_template_jwt] [main] w.s.c.ServletWebServerApplicationContext : Root WebApplicationContext: initialization completed in 1009 ms
2024-08-20T21:56:20.203+09:00  INFO 15637 --- [hackathon_template_jwt] [main] com.zaxxer.hikari.HikariDataSource       : HikariPool-1 - Starting...
2024-08-20T21:56:20.336+09:00  INFO 15637 --- [hackathon_template_jwt] [main] com.zaxxer.hikari.pool.HikariPool        : HikariPool-1 - Added connection conn0: url=jdbc:h2:mem:testdb user=ADMIN
2024-08-20T21:56:20.337+09:00  INFO 15637 --- [hackathon_template_jwt] [main] com.zaxxer.hikari.HikariDataSource       : HikariPool-1 - Start completed.
2024-08-20T21:56:20.345+09:00  INFO 15637 --- [hackathon_template_jwt] [main] o.s.b.a.h2.H2ConsoleAutoConfiguration    : H2 console available at '/h2-console'. Database available at 'jdbc:h2:mem:testdb'
2024-08-20T21:56:20.468+09:00  INFO 15637 --- [hackathon_template_jwt] [main] o.hibernate.jpa.internal.util.LogHelper  : HHH000204: Processing PersistenceUnitInfo [name: default]
2024-08-20T21:56:20.507+09:00  INFO 15637 --- [hackathon_template_jwt] [main] org.hibernate.Version                    : HHH000412: Hibernate ORM core version 6.5.2.Final
2024-08-20T21:56:20.535+09:00  INFO 15637 --- [hackathon_template_jwt] [main] o.h.c.internal.RegionFactoryInitiator    : HHH000026: Second-level cache disabled
2024-08-20T21:56:20.733+09:00  INFO 15637 --- [hackathon_template_jwt] [main] o.s.o.j.p.SpringPersistenceUnitInfo      : No LoadTimeWeaver setup: ignoring JPA class transformer
2024-08-20T21:56:20.760+09:00  WARN 15637 --- [hackathon_template_jwt] [main] org.hibernate.orm.deprecation            : HHH90000025: H2Dialect does not need to be specified explicitly using 'hibernate.dialect' (remove the property setting and it will be selected by default)
2024-08-20T21:56:21.408+09:00  INFO 15637 --- [hackathon_template_jwt] [main] o.h.e.t.j.p.i.JtaPlatformInitiator       : HHH000489: No JTA platform available (set 'hibernate.transaction.jta.platform' to enable JTA platform integration)
2024-08-20T21:56:21.464+09:00  INFO 15637 --- [hackathon_template_jwt] [main] j.LocalContainerEntityManagerFactoryBean : Initialized JPA EntityManagerFactory for persistence unit 'default'
2024-08-20T21:56:22.361+09:00  WARN 15637 --- [hackathon_template_jwt] [main] JpaBaseConfiguration$JpaWebConfiguration : spring.jpa.open-in-view is enabled by default. Therefore, database queries may be performed during view rendering. Explicitly configure spring.jpa.open-in-view to disable this warning
2024-08-20T21:56:22.384+09:00  WARN 15637 --- [hackathon_template_jwt] [main] o.s.security.core.userdetails.User       : User.withDefaultPasswordEncoder() is considered unsafe for production and is only intended for sample applications.
2024-08-20T21:56:22.553+09:00  INFO 15637 --- [hackathon_template_jwt] [main] r$InitializeUserDetailsManagerConfigurer : Global AuthenticationManager configured with UserDetailsService bean with name userDetailsService
2024-08-20T21:56:22.681+09:00 DEBUG 15637 --- [hackathon_template_jwt] [main] s.w.s.m.m.a.RequestMappingHandlerMapping : 20 mappings in 'requestMappingHandlerMapping'
2024-08-20T21:56:22.792+09:00 DEBUG 15637 --- [hackathon_template_jwt] [main] o.s.w.s.handler.SimpleUrlHandlerMapping  : Patterns [/webjars/**, /**] in 'resourceHandlerMapping'
2024-08-20T21:56:22.831+09:00 DEBUG 15637 --- [hackathon_template_jwt] [main] o.s.s.web.DefaultSecurityFilterChain     : Will secure any request with filters: DisableEncodeUrlFilter, WebAsyncManagerIntegrationFilter, SecurityContextHolderFilter, HeaderWriterFilter, LogoutFilter, TokenAuthenticationFilter, RequestCacheAwareFilter, SecurityContextHolderAwareRequestFilter, AnonymousAuthenticationFilter, SessionManagementFilter, ExceptionTranslationFilter, AuthorizationFilter
2024-08-20T21:56:22.908+09:00 DEBUG 15637 --- [hackathon_template_jwt] [main] s.w.s.m.m.a.RequestMappingHandlerAdapter : ControllerAdvice beans: 0 @ModelAttribute, 0 @InitBinder, 1 RequestBodyAdvice, 1 ResponseBodyAdvice
2024-08-20T21:56:22.943+09:00 DEBUG 15637 --- [hackathon_template_jwt] [main] .m.m.a.ExceptionHandlerExceptionResolver : ControllerAdvice beans: 1 @ExceptionHandler, 1 ResponseBodyAdvice
2024-08-20T21:56:23.109+09:00  INFO 15637 --- [hackathon_template_jwt] [main] o.s.b.w.embedded.tomcat.TomcatWebServer  : Tomcat started on port 8080 (http) with context path '/'
2024-08-20T21:56:23.117+09:00  INFO 15637 --- [hackathon_template_jwt] [main] com.example.Novus.NovusApplication       : Started NovusApplication in 4.277 seconds (process running for 4.818)
2024-08-20T21:56:28.628+09:00  INFO 15637 --- [hackathon_template_jwt] [http-nio-8080-exec-2] o.a.c.c.C.[Tomcat].[localhost].[/]       : Initializing Spring DispatcherServlet 'dispatcherServlet'
2024-08-20T21:56:28.628+09:00  INFO 15637 --- [hackathon_template_jwt] [http-nio-8080-exec-2] o.s.web.servlet.DispatcherServlet        : Initializing Servlet 'dispatcherServlet'
2024-08-20T21:56:28.628+09:00 DEBUG 15637 --- [hackathon_template_jwt] [http-nio-8080-exec-2] o.s.web.servlet.DispatcherServlet        : Detected StandardServletMultipartResolver
2024-08-20T21:56:28.628+09:00 DEBUG 15637 --- [hackathon_template_jwt] [http-nio-8080-exec-2] o.s.web.servlet.DispatcherServlet        : Detected AcceptHeaderLocaleResolver
2024-08-20T21:56:28.628+09:00 DEBUG 15637 --- [hackathon_template_jwt] [http-nio-8080-exec-2] o.s.web.servlet.DispatcherServlet        : Detected FixedThemeResolver
2024-08-20T21:56:28.629+09:00 DEBUG 15637 --- [hackathon_template_jwt] [http-nio-8080-exec-2] o.s.web.servlet.DispatcherServlet        : Detected org.springframework.web.servlet.view.DefaultRequestToViewNameTranslator@4f86cd50
2024-08-20T21:56:28.630+09:00 DEBUG 15637 --- [hackathon_template_jwt] [http-nio-8080-exec-2] o.s.web.servlet.DispatcherServlet        : Detected org.springframework.web.servlet.support.SessionFlashMapManager@c310aa3
2024-08-20T21:56:28.630+09:00 DEBUG 15637 --- [hackathon_template_jwt] [http-nio-8080-exec-2] o.s.web.servlet.DispatcherServlet        : enableLoggingRequestDetails='false': request parameters and headers will be masked to prevent unsafe logging of potentially sensitive data
2024-08-20T21:56:28.630+09:00  INFO 15637 --- [hackathon_template_jwt] [http-nio-8080-exec-2] o.s.web.servlet.DispatcherServlet        : Completed initialization in 2 ms
2024-08-20T21:56:28.641+09:00 DEBUG 15637 --- [hackathon_template_jwt] [http-nio-8080-exec-2] o.s.security.web.FilterChainProxy        : Securing POST /oauth2/login
2024-08-20T21:56:28.666+09:00 DEBUG 15637 --- [hackathon_template_jwt] [http-nio-8080-exec-2] o.s.s.w.a.AnonymousAuthenticationFilter  : Set SecurityContextHolder to anonymous SecurityContext
2024-08-20T21:56:28.671+09:00 DEBUG 15637 --- [hackathon_template_jwt] [http-nio-8080-exec-2] o.s.s.w.a.Http403ForbiddenEntryPoint     : Pre-authenticated entry point called. Rejecting access
2024-08-20T21:56:28.680+09:00 DEBUG 15637 --- [hackathon_template_jwt] [http-nio-8080-exec-2] o.s.security.web.FilterChainProxy        : Securing POST /error
2024-08-20T21:56:28.680+09:00 DEBUG 15637 --- [hackathon_template_jwt] [http-nio-8080-exec-2] o.s.s.w.a.AnonymousAuthenticationFilter  : Set SecurityContextHolder to anonymous SecurityContext
2024-08-20T21:56:28.680+09:00 DEBUG 15637 --- [hackathon_template_jwt] [http-nio-8080-exec-2] o.s.s.w.a.Http403ForbiddenEntryPoint     : Pre-authenticated entry point called. Rejecting access
2024-08-20T21:58:06.399+09:00  INFO 15637 --- [hackathon_template_jwt] [SpringApplicationShutdownHook] j.LocalContainerEntityManagerFactoryBean : Closing JPA EntityManagerFactory for persistence unit 'default'
2024-08-20T21:58:06.403+09:00  INFO 15637 --- [hackathon_template_jwt] [SpringApplicationShutdownHook] com.zaxxer.hikari.HikariDataSource       : HikariPool-1 - Shutdown initiated...
2024-08-20T21:58:06.405+09:00  INFO 15637 --- [hackathon_template_jwt] [SpringApplicationShutdownHook] com.zaxxer.hikari.HikariDataSource       : HikariPool-1 - Shutdown completed.
2024-08-20T21:58:08.280+09:00  INFO 16254 --- [hackathon_template_jwt] [main] com.example.Novus.NovusApplication       : Starting NovusApplication using Java 17.0.12 with PID 16254 (/Users/gwon-yonghyeon/Desktop/Novus/Novus_backend/build/classes/java/main started by gwon-yonghyeon in /Users/gwon-yonghyeon/Desktop/Novus/Novus_backend)
2024-08-20T21:58:08.282+09:00  INFO 16254 --- [hackathon_template_jwt] [main] com.example.Novus.NovusApplication       : The following 1 profile is active: "local"
2024-08-20T21:58:08.724+09:00  INFO 16254 --- [hackathon_template_jwt] [main] .s.d.r.c.RepositoryConfigurationDelegate : Bootstrapping Spring Data JPA repositories in DEFAULT mode.
2024-08-20T21:58:08.767+09:00  INFO 16254 --- [hackathon_template_jwt] [main] .s.d.r.c.RepositoryConfigurationDelegate : Finished Spring Data repository scanning in 37 ms. Found 6 JPA repository interfaces.
2024-08-20T21:58:09.232+09:00  INFO 16254 --- [hackathon_template_jwt] [main] o.s.b.w.embedded.tomcat.TomcatWebServer  : Tomcat initialized with port 8080 (http)
2024-08-20T21:58:09.240+09:00  INFO 16254 --- [hackathon_template_jwt] [main] o.apache.catalina.core.StandardService   : Starting service [Tomcat]
2024-08-20T21:58:09.240+09:00  INFO 16254 --- [hackathon_template_jwt] [main] o.apache.catalina.core.StandardEngine    : Starting Servlet engine: [Apache Tomcat/10.1.26]
2024-08-20T21:58:09.275+09:00  INFO 16254 --- [hackathon_template_jwt] [main] o.a.c.c.C.[Tomcat].[localhost].[/]       : Initializing Spring embedded WebApplicationContext
2024-08-20T21:58:09.275+09:00  INFO 16254 --- [hackathon_template_jwt] [main] w.s.c.ServletWebServerApplicationContext : Root WebApplicationContext: initialization completed in 957 ms
2024-08-20T21:58:09.310+09:00  INFO 16254 --- [hackathon_template_jwt] [main] com.zaxxer.hikari.HikariDataSource       : HikariPool-1 - Starting...
2024-08-20T21:58:09.441+09:00  INFO 16254 --- [hackathon_template_jwt] [main] com.zaxxer.hikari.pool.HikariPool        : HikariPool-1 - Added connection conn0: url=jdbc:h2:mem:testdb user=ADMIN
2024-08-20T21:58:09.443+09:00  INFO 16254 --- [hackathon_template_jwt] [main] com.zaxxer.hikari.HikariDataSource       : HikariPool-1 - Start completed.
2024-08-20T21:58:09.456+09:00  INFO 16254 --- [hackathon_template_jwt] [main] o.s.b.a.h2.H2ConsoleAutoConfiguration    : H2 console available at '/h2-console'. Database available at 'jdbc:h2:mem:testdb'
2024-08-20T21:58:09.564+09:00  INFO 16254 --- [hackathon_template_jwt] [main] o.hibernate.jpa.internal.util.LogHelper  : HHH000204: Processing PersistenceUnitInfo [name: default]
2024-08-20T21:58:09.597+09:00  INFO 16254 --- [hackathon_template_jwt] [main] org.hibernate.Version                    : HHH000412: Hibernate ORM core version 6.5.2.Final
2024-08-20T21:58:09.616+09:00  INFO 16254 --- [hackathon_template_jwt] [main] o.h.c.internal.RegionFactoryInitiator    : HHH000026: Second-level cache disabled
2024-08-20T21:58:09.812+09:00  INFO 16254 --- [hackathon_template_jwt] [main] o.s.o.j.p.SpringPersistenceUnitInfo      : No LoadTimeWeaver setup: ignoring JPA class transformer
2024-08-20T21:58:09.839+09:00  WARN 16254 --- [hackathon_template_jwt] [main] org.hibernate.orm.deprecation            : HHH90000025: H2Dialect does not need to be specified explicitly using 'hibernate.dialect' (remove the property setting and it will be selected by default)
2024-08-20T21:58:10.703+09:00  INFO 16254 --- [hackathon_template_jwt] [main] o.h.e.t.j.p.i.JtaPlatformInitiator       : HHH000489: No JTA platform available (set 'hibernate.transaction.jta.platform' to enable JTA platform integration)
2024-08-20T21:58:10.761+09:00  INFO 16254 --- [hackathon_template_jwt] [main] j.LocalContainerEntityManagerFactoryBean : Initialized JPA EntityManagerFactory for persistence unit 'default'
2024-08-20T21:58:11.845+09:00  WARN 16254 --- [hackathon_template_jwt] [main] JpaBaseConfiguration$JpaWebConfiguration : spring.jpa.open-in-view is enabled by default. Therefore, database queries may be performed during view rendering. Explicitly configure spring.jpa.open-in-view to disable this warning
2024-08-20T21:58:11.869+09:00  WARN 16254 --- [hackathon_template_jwt] [main] o.s.security.core.userdetails.User       : User.withDefaultPasswordEncoder() is considered unsafe for production and is only intended for sample applications.
2024-08-20T21:58:12.032+09:00  INFO 16254 --- [hackathon_template_jwt] [main] r$InitializeUserDetailsManagerConfigurer : Global AuthenticationManager configured with UserDetailsService bean with name userDetailsService
2024-08-20T21:58:12.140+09:00 DEBUG 16254 --- [hackathon_template_jwt] [main] s.w.s.m.m.a.RequestMappingHandlerMapping : 20 mappings in 'requestMappingHandlerMapping'
2024-08-20T21:58:12.247+09:00 DEBUG 16254 --- [hackathon_template_jwt] [main] o.s.w.s.handler.SimpleUrlHandlerMapping  : Patterns [/webjars/**, /**] in 'resourceHandlerMapping'
2024-08-20T21:58:12.292+09:00 DEBUG 16254 --- [hackathon_template_jwt] [main] o.s.s.web.DefaultSecurityFilterChain     : Will secure any request with filters: DisableEncodeUrlFilter, WebAsyncManagerIntegrationFilter, SecurityContextHolderFilter, HeaderWriterFilter, LogoutFilter, TokenAuthenticationFilter, RequestCacheAwareFilter, SecurityContextHolderAwareRequestFilter, AnonymousAuthenticationFilter, SessionManagementFilter, ExceptionTranslationFilter, AuthorizationFilter
2024-08-20T21:58:12.367+09:00 DEBUG 16254 --- [hackathon_template_jwt] [main] s.w.s.m.m.a.RequestMappingHandlerAdapter : ControllerAdvice beans: 0 @ModelAttribute, 0 @InitBinder, 1 RequestBodyAdvice, 1 ResponseBodyAdvice
2024-08-20T21:58:12.399+09:00 DEBUG 16254 --- [hackathon_template_jwt] [main] .m.m.a.ExceptionHandlerExceptionResolver : ControllerAdvice beans: 1 @ExceptionHandler, 1 ResponseBodyAdvice
2024-08-20T21:58:12.559+09:00  INFO 16254 --- [hackathon_template_jwt] [main] o.s.b.w.embedded.tomcat.TomcatWebServer  : Tomcat started on port 8080 (http) with context path '/'
2024-08-20T21:58:12.566+09:00  INFO 16254 --- [hackathon_template_jwt] [main] com.example.Novus.NovusApplication       : Started NovusApplication in 4.546 seconds (process running for 4.873)
2024-08-20T21:58:17.921+09:00  INFO 16254 --- [hackathon_template_jwt] [http-nio-8080-exec-1] o.a.c.c.C.[Tomcat].[localhost].[/]       : Initializing Spring DispatcherServlet 'dispatcherServlet'
2024-08-20T21:58:17.921+09:00  INFO 16254 --- [hackathon_template_jwt] [http-nio-8080-exec-1] o.s.web.servlet.DispatcherServlet        : Initializing Servlet 'dispatcherServlet'
2024-08-20T21:58:17.921+09:00 DEBUG 16254 --- [hackathon_template_jwt] [http-nio-8080-exec-1] o.s.web.servlet.DispatcherServlet        : Detected StandardServletMultipartResolver
2024-08-20T21:58:17.921+09:00 DEBUG 16254 --- [hackathon_template_jwt] [http-nio-8080-exec-1] o.s.web.servlet.DispatcherServlet        : Detected AcceptHeaderLocaleResolver
2024-08-20T21:58:17.922+09:00 DEBUG 16254 --- [hackathon_template_jwt] [http-nio-8080-exec-1] o.s.web.servlet.DispatcherServlet        : Detected FixedThemeResolver
2024-08-20T21:58:17.922+09:00 DEBUG 16254 --- [hackathon_template_jwt] [http-nio-8080-exec-1] o.s.web.servlet.DispatcherServlet        : Detected org.springframework.web.servlet.view.DefaultRequestToViewNameTranslator@214fe287
2024-08-20T21:58:17.923+09:00 DEBUG 16254 --- [hackathon_template_jwt] [http-nio-8080-exec-1] o.s.web.servlet.DispatcherServlet        : Detected org.springframework.web.servlet.support.SessionFlashMapManager@3b26afbc
2024-08-20T21:58:17.923+09:00 DEBUG 16254 --- [hackathon_template_jwt] [http-nio-8080-exec-1] o.s.web.servlet.DispatcherServlet        : enableLoggingRequestDetails='false': request parameters and headers will be masked to prevent unsafe logging of potentially sensitive data
2024-08-20T21:58:17.923+09:00  INFO 16254 --- [hackathon_template_jwt] [http-nio-8080-exec-1] o.s.web.servlet.DispatcherServlet        : Completed initialization in 2 ms
2024-08-20T21:58:17.933+09:00 DEBUG 16254 --- [hackathon_template_jwt] [http-nio-8080-exec-1] o.s.security.web.FilterChainProxy        : Securing POST /api/oauth2/login
2024-08-20T21:58:17.952+09:00 DEBUG 16254 --- [hackathon_template_jwt] [http-nio-8080-exec-1] o.s.s.w.a.AnonymousAuthenticationFilter  : Set SecurityContextHolder to anonymous SecurityContext
2024-08-20T21:58:17.954+09:00 DEBUG 16254 --- [hackathon_template_jwt] [http-nio-8080-exec-1] o.s.security.web.FilterChainProxy        : Secured POST /api/oauth2/login
2024-08-20T21:58:17.955+09:00 DEBUG 16254 --- [hackathon_template_jwt] [http-nio-8080-exec-1] o.s.web.servlet.DispatcherServlet        : POST "/api/oauth2/login", parameters={}
2024-08-20T21:58:17.956+09:00 DEBUG 16254 --- [hackathon_template_jwt] [http-nio-8080-exec-1] s.w.s.m.m.a.RequestMappingHandlerMapping : Mapped to com.example.Novus.controller.OAuth2Controller#oauth2Login(OAuth2LoginRequest)
2024-08-20T21:58:17.973+09:00 DEBUG 16254 --- [hackathon_template_jwt] [http-nio-8080-exec-1] m.m.a.RequestResponseBodyMethodProcessor : Read "application/json;charset=UTF-8" to [OAuth2LoginRequest(email=user@example.com, name=User Name, givenName=Given, familyName=Name, profile (truncated)...]
2024-08-20T21:58:17.980+09:00  INFO 16254 --- [hackathon_template_jwt] [http-nio-8080-exec-1] com.example.Novus.aspect.LoggingAspect   : Received HTTP POST request to /api/oauth2/login
2024-08-20T21:58:17.980+09:00  INFO 16254 --- [hackathon_template_jwt] [http-nio-8080-exec-1] com.example.Novus.aspect.LoggingAspect   : Entering Controller method: com.example.Novus.controller.OAuth2Controller.oauth2Login
2024-08-20T21:58:17.984+09:00  INFO 16254 --- [hackathon_template_jwt] [http-nio-8080-exec-1] com.example.Novus.aspect.LoggingAspect   : Entering Service method: com.example.Novus.service.OAuth2Service.loginOrSignUp
2024-08-20T21:58:18.102+09:00  INFO 16254 --- [hackathon_template_jwt] [http-nio-8080-exec-1] com.example.Novus.aspect.LoggingAspect   : Entering Service method: com.example.Novus.service.RefreshTokenService.saveRefreshToken
2024-08-20T21:58:18.116+09:00  INFO 16254 --- [hackathon_template_jwt] [http-nio-8080-exec-1] com.example.Novus.aspect.LoggingAspect   : Exiting Service method: com.example.Novus.service.RefreshTokenService.saveRefreshToken - Execution time: 13 ms
2024-08-20T21:58:18.117+09:00  INFO 16254 --- [hackathon_template_jwt] [http-nio-8080-exec-1] com.example.Novus.aspect.LoggingAspect   : Exiting Service method: com.example.Novus.service.OAuth2Service.loginOrSignUp - Execution time: 133 ms
2024-08-20T21:58:18.120+09:00  INFO 16254 --- [hackathon_template_jwt] [http-nio-8080-exec-1] com.example.Novus.aspect.LoggingAspect   : Exiting Controller method: com.example.Novus.controller.OAuth2Controller.oauth2Login - Execution time: 140 ms
2024-08-20T21:58:18.120+09:00  INFO 16254 --- [hackathon_template_jwt] [http-nio-8080-exec-1] com.example.Novus.aspect.LoggingAspect   : Returning from HTTP POST request to /api/oauth2/login
2024-08-20T21:58:18.129+09:00 DEBUG 16254 --- [hackathon_template_jwt] [http-nio-8080-exec-1] o.s.w.s.m.m.a.HttpEntityMethodProcessor  : Using 'application/json', given [*/*] and supported [application/json, application/*+json, application/cbor]
2024-08-20T21:58:18.129+09:00 DEBUG 16254 --- [hackathon_template_jwt] [http-nio-8080-exec-1] o.s.w.s.m.m.a.HttpEntityMethodProcessor  : Writing [TokenResponse(userId=1, accessToken=eyJhbGciOiJIUzI1NiJ9.eyJzdWIiOiIxIiwiYXV0aCI6IlJPTEVfVVNFUiIsIml (truncated)...]
2024-08-20T21:58:18.135+09:00 DEBUG 16254 --- [hackathon_template_jwt] [http-nio-8080-exec-1] o.s.web.servlet.DispatcherServlet        : Completed 200 OK
2024-08-20T22:02:13.854+09:00  INFO 16254 --- [hackathon_template_jwt] [SpringApplicationShutdownHook] j.LocalContainerEntityManagerFactoryBean : Closing JPA EntityManagerFactory for persistence unit 'default'
2024-08-20T22:02:13.858+09:00  INFO 16254 --- [hackathon_template_jwt] [SpringApplicationShutdownHook] com.zaxxer.hikari.HikariDataSource       : HikariPool-1 - Shutdown initiated...
2024-08-20T22:02:13.862+09:00  INFO 16254 --- [hackathon_template_jwt] [SpringApplicationShutdownHook] com.zaxxer.hikari.HikariDataSource       : HikariPool-1 - Shutdown completed.
2024-08-20T22:02:16.073+09:00  INFO 17777 --- [hackathon_template_jwt] [main] com.example.Novus.NovusApplication       : Starting NovusApplication using Java 17.0.12 with PID 17777 (/Users/gwon-yonghyeon/Desktop/Novus/Novus_backend/build/classes/java/main started by gwon-yonghyeon in /Users/gwon-yonghyeon/Desktop/Novus/Novus_backend)
2024-08-20T22:02:16.074+09:00  INFO 17777 --- [hackathon_template_jwt] [main] com.example.Novus.NovusApplication       : The following 1 profile is active: "local"
2024-08-20T22:02:16.599+09:00  INFO 17777 --- [hackathon_template_jwt] [main] .s.d.r.c.RepositoryConfigurationDelegate : Bootstrapping Spring Data JPA repositories in DEFAULT mode.
2024-08-20T22:02:16.668+09:00  INFO 17777 --- [hackathon_template_jwt] [main] .s.d.r.c.RepositoryConfigurationDelegate : Finished Spring Data repository scanning in 61 ms. Found 6 JPA repository interfaces.
2024-08-20T22:02:17.196+09:00  INFO 17777 --- [hackathon_template_jwt] [main] o.s.b.w.embedded.tomcat.TomcatWebServer  : Tomcat initialized with port 8080 (http)
2024-08-20T22:02:17.205+09:00  INFO 17777 --- [hackathon_template_jwt] [main] o.apache.catalina.core.StandardService   : Starting service [Tomcat]
2024-08-20T22:02:17.206+09:00  INFO 17777 --- [hackathon_template_jwt] [main] o.apache.catalina.core.StandardEngine    : Starting Servlet engine: [Apache Tomcat/10.1.26]
2024-08-20T22:02:17.245+09:00  INFO 17777 --- [hackathon_template_jwt] [main] o.a.c.c.C.[Tomcat].[localhost].[/]       : Initializing Spring embedded WebApplicationContext
2024-08-20T22:02:17.246+09:00  INFO 17777 --- [hackathon_template_jwt] [main] w.s.c.ServletWebServerApplicationContext : Root WebApplicationContext: initialization completed in 1149 ms
2024-08-20T22:02:17.276+09:00  INFO 17777 --- [hackathon_template_jwt] [main] com.zaxxer.hikari.HikariDataSource       : HikariPool-1 - Starting...
2024-08-20T22:02:17.419+09:00  INFO 17777 --- [hackathon_template_jwt] [main] com.zaxxer.hikari.pool.HikariPool        : HikariPool-1 - Added connection conn0: url=jdbc:h2:mem:testdb user=ADMIN
2024-08-20T22:02:17.420+09:00  INFO 17777 --- [hackathon_template_jwt] [main] com.zaxxer.hikari.HikariDataSource       : HikariPool-1 - Start completed.
2024-08-20T22:02:17.438+09:00  INFO 17777 --- [hackathon_template_jwt] [main] o.s.b.a.h2.H2ConsoleAutoConfiguration    : H2 console available at '/h2-console'. Database available at 'jdbc:h2:mem:testdb'
2024-08-20T22:02:17.561+09:00  INFO 17777 --- [hackathon_template_jwt] [main] o.hibernate.jpa.internal.util.LogHelper  : HHH000204: Processing PersistenceUnitInfo [name: default]
2024-08-20T22:02:17.596+09:00  INFO 17777 --- [hackathon_template_jwt] [main] org.hibernate.Version                    : HHH000412: Hibernate ORM core version 6.5.2.Final
2024-08-20T22:02:17.617+09:00  INFO 17777 --- [hackathon_template_jwt] [main] o.h.c.internal.RegionFactoryInitiator    : HHH000026: Second-level cache disabled
2024-08-20T22:02:17.838+09:00  INFO 17777 --- [hackathon_template_jwt] [main] o.s.o.j.p.SpringPersistenceUnitInfo      : No LoadTimeWeaver setup: ignoring JPA class transformer
2024-08-20T22:02:17.870+09:00  WARN 17777 --- [hackathon_template_jwt] [main] org.hibernate.orm.deprecation            : HHH90000025: H2Dialect does not need to be specified explicitly using 'hibernate.dialect' (remove the property setting and it will be selected by default)
2024-08-20T22:02:18.784+09:00  INFO 17777 --- [hackathon_template_jwt] [main] o.h.e.t.j.p.i.JtaPlatformInitiator       : HHH000489: No JTA platform available (set 'hibernate.transaction.jta.platform' to enable JTA platform integration)
2024-08-20T22:02:18.845+09:00  INFO 17777 --- [hackathon_template_jwt] [main] j.LocalContainerEntityManagerFactoryBean : Initialized JPA EntityManagerFactory for persistence unit 'default'
2024-08-20T22:02:19.744+09:00  WARN 17777 --- [hackathon_template_jwt] [main] JpaBaseConfiguration$JpaWebConfiguration : spring.jpa.open-in-view is enabled by default. Therefore, database queries may be performed during view rendering. Explicitly configure spring.jpa.open-in-view to disable this warning
2024-08-20T22:02:19.768+09:00  WARN 17777 --- [hackathon_template_jwt] [main] o.s.security.core.userdetails.User       : User.withDefaultPasswordEncoder() is considered unsafe for production and is only intended for sample applications.
2024-08-20T22:02:19.932+09:00  INFO 17777 --- [hackathon_template_jwt] [main] r$InitializeUserDetailsManagerConfigurer : Global AuthenticationManager configured with UserDetailsService bean with name userDetailsService
2024-08-20T22:02:20.048+09:00 DEBUG 17777 --- [hackathon_template_jwt] [main] s.w.s.m.m.a.RequestMappingHandlerMapping : 20 mappings in 'requestMappingHandlerMapping'
2024-08-20T22:02:20.157+09:00 DEBUG 17777 --- [hackathon_template_jwt] [main] o.s.w.s.handler.SimpleUrlHandlerMapping  : Patterns [/webjars/**, /**] in 'resourceHandlerMapping'
2024-08-20T22:02:20.196+09:00 DEBUG 17777 --- [hackathon_template_jwt] [main] o.s.s.web.DefaultSecurityFilterChain     : Will secure any request with filters: DisableEncodeUrlFilter, WebAsyncManagerIntegrationFilter, SecurityContextHolderFilter, HeaderWriterFilter, LogoutFilter, TokenAuthenticationFilter, RequestCacheAwareFilter, SecurityContextHolderAwareRequestFilter, AnonymousAuthenticationFilter, SessionManagementFilter, ExceptionTranslationFilter, AuthorizationFilter
2024-08-20T22:02:20.274+09:00 DEBUG 17777 --- [hackathon_template_jwt] [main] s.w.s.m.m.a.RequestMappingHandlerAdapter : ControllerAdvice beans: 0 @ModelAttribute, 0 @InitBinder, 1 RequestBodyAdvice, 1 ResponseBodyAdvice
2024-08-20T22:02:20.306+09:00 DEBUG 17777 --- [hackathon_template_jwt] [main] .m.m.a.ExceptionHandlerExceptionResolver : ControllerAdvice beans: 1 @ExceptionHandler, 1 ResponseBodyAdvice
2024-08-20T22:02:20.460+09:00  INFO 17777 --- [hackathon_template_jwt] [main] o.s.b.w.embedded.tomcat.TomcatWebServer  : Tomcat started on port 8080 (http) with context path '/'
2024-08-20T22:02:20.467+09:00  INFO 17777 --- [hackathon_template_jwt] [main] com.example.Novus.NovusApplication       : Started NovusApplication in 4.732 seconds (process running for 5.09)
2024-08-20T22:04:44.095+09:00  INFO 17777 --- [hackathon_template_jwt] [SpringApplicationShutdownHook] j.LocalContainerEntityManagerFactoryBean : Closing JPA EntityManagerFactory for persistence unit 'default'
2024-08-20T22:04:44.098+09:00  INFO 17777 --- [hackathon_template_jwt] [SpringApplicationShutdownHook] com.zaxxer.hikari.HikariDataSource       : HikariPool-1 - Shutdown initiated...
2024-08-20T22:04:44.101+09:00  INFO 17777 --- [hackathon_template_jwt] [SpringApplicationShutdownHook] com.zaxxer.hikari.HikariDataSource       : HikariPool-1 - Shutdown completed.
2024-08-20T22:04:46.605+09:00  INFO 18660 --- [hackathon_template_jwt] [main] com.example.Novus.NovusApplication       : Starting NovusApplication using Java 17.0.12 with PID 18660 (/Users/gwon-yonghyeon/Desktop/Novus/Novus_backend/build/classes/java/main started by gwon-yonghyeon in /Users/gwon-yonghyeon/Desktop/Novus/Novus_backend)
2024-08-20T22:04:46.606+09:00  INFO 18660 --- [hackathon_template_jwt] [main] com.example.Novus.NovusApplication       : The following 1 profile is active: "local"
2024-08-20T22:04:47.069+09:00  INFO 18660 --- [hackathon_template_jwt] [main] .s.d.r.c.RepositoryConfigurationDelegate : Bootstrapping Spring Data JPA repositories in DEFAULT mode.
2024-08-20T22:04:47.118+09:00  INFO 18660 --- [hackathon_template_jwt] [main] .s.d.r.c.RepositoryConfigurationDelegate : Finished Spring Data repository scanning in 43 ms. Found 6 JPA repository interfaces.
2024-08-20T22:04:47.624+09:00  INFO 18660 --- [hackathon_template_jwt] [main] o.s.b.w.embedded.tomcat.TomcatWebServer  : Tomcat initialized with port 8080 (http)
2024-08-20T22:04:47.632+09:00  INFO 18660 --- [hackathon_template_jwt] [main] o.apache.catalina.core.StandardService   : Starting service [Tomcat]
2024-08-20T22:04:47.632+09:00  INFO 18660 --- [hackathon_template_jwt] [main] o.apache.catalina.core.StandardEngine    : Starting Servlet engine: [Apache Tomcat/10.1.26]
2024-08-20T22:04:47.665+09:00  INFO 18660 --- [hackathon_template_jwt] [main] o.a.c.c.C.[Tomcat].[localhost].[/]       : Initializing Spring embedded WebApplicationContext
2024-08-20T22:04:47.665+09:00  INFO 18660 --- [hackathon_template_jwt] [main] w.s.c.ServletWebServerApplicationContext : Root WebApplicationContext: initialization completed in 1036 ms
2024-08-20T22:04:47.694+09:00  INFO 18660 --- [hackathon_template_jwt] [main] com.zaxxer.hikari.HikariDataSource       : HikariPool-1 - Starting...
2024-08-20T22:04:47.829+09:00  INFO 18660 --- [hackathon_template_jwt] [main] com.zaxxer.hikari.pool.HikariPool        : HikariPool-1 - Added connection conn0: url=jdbc:h2:mem:testdb user=ADMIN
2024-08-20T22:04:47.831+09:00  INFO 18660 --- [hackathon_template_jwt] [main] com.zaxxer.hikari.HikariDataSource       : HikariPool-1 - Start completed.
2024-08-20T22:04:47.839+09:00  INFO 18660 --- [hackathon_template_jwt] [main] o.s.b.a.h2.H2ConsoleAutoConfiguration    : H2 console available at '/h2-console'. Database available at 'jdbc:h2:mem:testdb'
2024-08-20T22:04:47.953+09:00  INFO 18660 --- [hackathon_template_jwt] [main] o.hibernate.jpa.internal.util.LogHelper  : HHH000204: Processing PersistenceUnitInfo [name: default]
2024-08-20T22:04:47.987+09:00  INFO 18660 --- [hackathon_template_jwt] [main] org.hibernate.Version                    : HHH000412: Hibernate ORM core version 6.5.2.Final
2024-08-20T22:04:48.006+09:00  INFO 18660 --- [hackathon_template_jwt] [main] o.h.c.internal.RegionFactoryInitiator    : HHH000026: Second-level cache disabled
2024-08-20T22:04:48.203+09:00  INFO 18660 --- [hackathon_template_jwt] [main] o.s.o.j.p.SpringPersistenceUnitInfo      : No LoadTimeWeaver setup: ignoring JPA class transformer
2024-08-20T22:04:48.231+09:00  WARN 18660 --- [hackathon_template_jwt] [main] org.hibernate.orm.deprecation            : HHH90000025: H2Dialect does not need to be specified explicitly using 'hibernate.dialect' (remove the property setting and it will be selected by default)
2024-08-20T22:04:49.046+09:00  INFO 18660 --- [hackathon_template_jwt] [main] o.h.e.t.j.p.i.JtaPlatformInitiator       : HHH000489: No JTA platform available (set 'hibernate.transaction.jta.platform' to enable JTA platform integration)
2024-08-20T22:04:49.110+09:00  INFO 18660 --- [hackathon_template_jwt] [main] j.LocalContainerEntityManagerFactoryBean : Initialized JPA EntityManagerFactory for persistence unit 'default'
2024-08-20T22:04:50.129+09:00  WARN 18660 --- [hackathon_template_jwt] [main] JpaBaseConfiguration$JpaWebConfiguration : spring.jpa.open-in-view is enabled by default. Therefore, database queries may be performed during view rendering. Explicitly configure spring.jpa.open-in-view to disable this warning
2024-08-20T22:04:50.153+09:00  WARN 18660 --- [hackathon_template_jwt] [main] o.s.security.core.userdetails.User       : User.withDefaultPasswordEncoder() is considered unsafe for production and is only intended for sample applications.
2024-08-20T22:04:50.317+09:00  INFO 18660 --- [hackathon_template_jwt] [main] r$InitializeUserDetailsManagerConfigurer : Global AuthenticationManager configured with UserDetailsService bean with name userDetailsService
2024-08-20T22:04:50.430+09:00 DEBUG 18660 --- [hackathon_template_jwt] [main] s.w.s.m.m.a.RequestMappingHandlerMapping : 20 mappings in 'requestMappingHandlerMapping'
2024-08-20T22:04:50.545+09:00 DEBUG 18660 --- [hackathon_template_jwt] [main] o.s.w.s.handler.SimpleUrlHandlerMapping  : Patterns [/webjars/**, /**] in 'resourceHandlerMapping'
2024-08-20T22:04:50.587+09:00 DEBUG 18660 --- [hackathon_template_jwt] [main] o.s.s.web.DefaultSecurityFilterChain     : Will secure any request with filters: DisableEncodeUrlFilter, WebAsyncManagerIntegrationFilter, SecurityContextHolderFilter, HeaderWriterFilter, LogoutFilter, TokenAuthenticationFilter, RequestCacheAwareFilter, SecurityContextHolderAwareRequestFilter, AnonymousAuthenticationFilter, SessionManagementFilter, ExceptionTranslationFilter, AuthorizationFilter
2024-08-20T22:04:50.665+09:00 DEBUG 18660 --- [hackathon_template_jwt] [main] s.w.s.m.m.a.RequestMappingHandlerAdapter : ControllerAdvice beans: 0 @ModelAttribute, 0 @InitBinder, 1 RequestBodyAdvice, 1 ResponseBodyAdvice
2024-08-20T22:04:50.696+09:00 DEBUG 18660 --- [hackathon_template_jwt] [main] .m.m.a.ExceptionHandlerExceptionResolver : ControllerAdvice beans: 1 @ExceptionHandler, 1 ResponseBodyAdvice
2024-08-20T22:04:50.856+09:00  INFO 18660 --- [hackathon_template_jwt] [main] o.s.b.w.embedded.tomcat.TomcatWebServer  : Tomcat started on port 8080 (http) with context path '/'
2024-08-20T22:04:50.864+09:00  INFO 18660 --- [hackathon_template_jwt] [main] com.example.Novus.NovusApplication       : Started NovusApplication in 4.637 seconds (process running for 5.485)
